2022-02-01 01:17:49,605 ERROR 36960 nodejs.EPERMError: EPERM: operation not permitted, watch
    at FSEvent.FSWatcher._handle.onchange (node:internal/fs/watchers:204:21)
errno: -4048
syscall: "watch"
code: "EPERM"
filename: null
dir: "D:\\xsjcTony\\it666\\服务端\\EggJS\\Aelita\\app\\public"
name: "EPERMError"
pid: 36960
hostname: DESKTOP-LES7VH3

2022-02-01 04:53:53,134 ERROR 34376 [-/127.0.0.1/-/3ms GET /setCookie] nodejs.Error: Cannot send secure cookie over unencrypted connection
    at Cookies.set (D:\xsjcTony\it666\服务端\EggJS\Aelita\node_modules\egg-cookies\lib\cookies.js:97:13)
    at HomeController.setCookie (D:\xsjcTony\it666\服务端\EggJS\Aelita\app\controller\home.js:37:22)
    at Object.callFn (D:\xsjcTony\it666\服务端\EggJS\Aelita\node_modules\egg-core\lib\utils\index.js:44:21)
    at Object.classControllerMiddleware (D:\xsjcTony\it666\服务端\EggJS\Aelita\node_modules\egg-core\lib\loader\mixin\controller.js:87:20)
    at Object.callFn (D:\xsjcTony\it666\服务端\EggJS\Aelita\node_modules\@eggjs\router\lib\utils.js:12:21)
    at wrappedController (D:\xsjcTony\it666\服务端\EggJS\Aelita\node_modules\@eggjs\router\lib\egg_router.js:322:18)
    at dispatch (D:\xsjcTony\it666\服务端\EggJS\Aelita\node_modules\koa-compose\index.js:44:32)
    at next (D:\xsjcTony\it666\服务端\EggJS\Aelita\node_modules\koa-compose\index.js:45:18)
    at D:\xsjcTony\it666\服务端\EggJS\Aelita\node_modules\@eggjs\router\lib\router.js:186:18
    at dispatch (D:\xsjcTony\it666\服务端\EggJS\Aelita\node_modules\koa-compose\index.js:44:32)

pid: 34376
hostname: DESKTOP-LES7VH3

2022-02-01 05:43:16,945 ERROR 52268 [-/127.0.0.1/-/3ms GET /test] error logger
2022-02-01 05:45:29,393 ERROR 38528 [-/127.0.0.1/-/4ms GET /test] error logger
2022-02-01 05:45:47,446 ERROR 45972 [-/127.0.0.1/-/3ms GET /test] error logger
