02:41:18 GMT+1100 (Australian Eastern Daylight Time)   GET   /login.html   Mozilla/5.0 (Windows NT 10.0; Win64; x64) AppleWebKit/537.36 (KHTML, like Gecko) Chrome/96.0.4664.45 Safari/537.36
02:41:18 GMT+1100 (Australian Eastern Daylight Time)   GET   /css/register.css   Mozilla/5.0 (Windows NT 10.0; Win64; x64) AppleWebKit/537.36 (KHTML, like Gecko) Chrome/96.0.4664.45 Safari/537.36
02:41:19 GMT+1100 (Australian Eastern Daylight Time)   GET   /login.html   Mozilla/5.0 (Windows NT 10.0; Win64; x64) AppleWebKit/537.36 (KHTML, like Gecko) Chrome/96.0.4664.45 Safari/537.36
02:41:19 GMT+1100 (Australian Eastern Daylight Time)   GET   /css/register.css   Mozilla/5.0 (Windows NT 10.0; Win64; x64) AppleWebKit/537.36 (KHTML, like Gecko) Chrome/96.0.4664.45 Safari/537.36
02:41:20 GMT+1100 (Australian Eastern Daylight Time)   GET   /login.html   Mozilla/5.0 (Windows NT 10.0; Win64; x64) AppleWebKit/537.36 (KHTML, like Gecko) Chrome/96.0.4664.45 Safari/537.36
02:41:20 GMT+1100 (Australian Eastern Daylight Time)   GET   /css/register.css   Mozilla/5.0 (Windows NT 10.0; Win64; x64) AppleWebKit/537.36 (KHTML, like Gecko) Chrome/96.0.4664.45 Safari/537.36
02:41:20 GMT+1100 (Australian Eastern Daylight Time)   GET   /login.html   Mozilla/5.0 (Windows NT 10.0; Win64; x64) AppleWebKit/537.36 (KHTML, like Gecko) Chrome/96.0.4664.45 Safari/537.36
02:41:20 GMT+1100 (Australian Eastern Daylight Time)   GET   /css/register.css   Mozilla/5.0 (Windows NT 10.0; Win64; x64) AppleWebKit/537.36 (KHTML, like Gecko) Chrome/96.0.4664.45 Safari/537.36
02:41:36 GMT+1100 (Australian Eastern Daylight Time)   GET   /register.html   Mozilla/5.0 (Windows NT 10.0; Win64; x64) AppleWebKit/537.36 (KHTML, like Gecko) Chrome/96.0.4664.45 Safari/537.36
02:41:36 GMT+1100 (Australian Eastern Daylight Time)   GET   /css/register.css   Mozilla/5.0 (Windows NT 10.0; Win64; x64) AppleWebKit/537.36 (KHTML, like Gecko) Chrome/96.0.4664.45 Safari/537.36
02:41:36 GMT+1100 (Australian Eastern Daylight Time)   GET   /js/jquery-3.1.1.js   Mozilla/5.0 (Windows NT 10.0; Win64; x64) AppleWebKit/537.36 (KHTML, like Gecko) Chrome/96.0.4664.45 Safari/537.36
02:41:36 GMT+1100 (Australian Eastern Daylight Time)   GET   /js/register.js   Mozilla/5.0 (Windows NT 10.0; Win64; x64) AppleWebKit/537.36 (KHTML, like Gecko) Chrome/96.0.4664.45 Safari/537.36
02:41:38 GMT+1100 (Australian Eastern Daylight Time)   GET   /register.html   Mozilla/5.0 (Windows NT 10.0; Win64; x64) AppleWebKit/537.36 (KHTML, like Gecko) Chrome/96.0.4664.45 Safari/537.36
02:41:38 GMT+1100 (Australian Eastern Daylight Time)   GET   /css/register.css   Mozilla/5.0 (Windows NT 10.0; Win64; x64) AppleWebKit/537.36 (KHTML, like Gecko) Chrome/96.0.4664.45 Safari/537.36
02:41:38 GMT+1100 (Australian Eastern Daylight Time)   GET   /js/jquery-3.1.1.js   Mozilla/5.0 (Windows NT 10.0; Win64; x64) AppleWebKit/537.36 (KHTML, like Gecko) Chrome/96.0.4664.45 Safari/537.36
02:41:38 GMT+1100 (Australian Eastern Daylight Time)   GET   /js/register.js   Mozilla/5.0 (Windows NT 10.0; Win64; x64) AppleWebKit/537.36 (KHTML, like Gecko) Chrome/96.0.4664.45 Safari/537.36
02:41:38 GMT+1100 (Australian Eastern Daylight Time)   GET   /register.html   Mozilla/5.0 (Windows NT 10.0; Win64; x64) AppleWebKit/537.36 (KHTML, like Gecko) Chrome/96.0.4664.45 Safari/537.36
02:41:38 GMT+1100 (Australian Eastern Daylight Time)   GET   /css/register.css   Mozilla/5.0 (Windows NT 10.0; Win64; x64) AppleWebKit/537.36 (KHTML, like Gecko) Chrome/96.0.4664.45 Safari/537.36
02:41:38 GMT+1100 (Australian Eastern Daylight Time)   GET   /js/jquery-3.1.1.js   Mozilla/5.0 (Windows NT 10.0; Win64; x64) AppleWebKit/537.36 (KHTML, like Gecko) Chrome/96.0.4664.45 Safari/537.36
02:41:38 GMT+1100 (Australian Eastern Daylight Time)   GET   /js/register.js   Mozilla/5.0 (Windows NT 10.0; Win64; x64) AppleWebKit/537.36 (KHTML, like Gecko) Chrome/96.0.4664.45 Safari/537.36
02:42:04 GMT+1100 (Australian Eastern Daylight Time)   POST   /api/user/exists   Mozilla/5.0 (Windows NT 10.0; Win64; x64) AppleWebKit/537.36 (KHTML, like Gecko) Chrome/96.0.4664.45 Safari/537.36
02:42:09 GMT+1100 (Australian Eastern Daylight Time)   GET   /login.html   Mozilla/5.0 (Windows NT 10.0; Win64; x64) AppleWebKit/537.36 (KHTML, like Gecko) Chrome/96.0.4664.45 Safari/537.36
02:42:09 GMT+1100 (Australian Eastern Daylight Time)   GET   /css/register.css   Mozilla/5.0 (Windows NT 10.0; Win64; x64) AppleWebKit/537.36 (KHTML, like Gecko) Chrome/96.0.4664.45 Safari/537.36
02:42:15 GMT+1100 (Australian Eastern Daylight Time)   POST   /api/user/login   Mozilla/5.0 (Windows NT 10.0; Win64; x64) AppleWebKit/537.36 (KHTML, like Gecko) Chrome/96.0.4664.45 Safari/537.36
