yyyy-01-Mo 19:05:28: Executing (default): SELECT 1+1 AS result
yyyy-01-Mo 19:05:28: Executing (default): CREATE TABLE IF NOT EXISTS `User` (`id` INTEGER UNSIGNED auto_increment , `username` VARCHAR(255) NOT NULL UNIQUE, `password` VARCHAR(255) NOT NULL, `gender` ENUM('男', '女', '妖'), PRIMARY KEY (`id`)) ENGINE=InnoDB;
yyyy-01-Mo 19:05:28: Executing (default): SHOW INDEX FROM `User`
yyyy-01-Mo 19:05:45: {
  cookie: {
    path: '/',
    httpOnly: true,
    maxAge: 86400000,
    overwrite: true,
    signed: true
  },
  id: 1,
  username: '123@qq.com',
  gender: '男'
}
yyyy-01-Mo 19:38:25: Executing (default): SELECT 1+1 AS result
yyyy-01-Mo 19:38:25: Executing (default): CREATE TABLE IF NOT EXISTS `User` (`id` INTEGER UNSIGNED auto_increment , `username` VARCHAR(255) NOT NULL UNIQUE, `password` VARCHAR(255) NOT NULL, `gender` ENUM('男', '女', '妖'), PRIMARY KEY (`id`)) ENGINE=InnoDB;
yyyy-01-Mo 19:38:25: Executing (default): SHOW INDEX FROM `User`
yyyy-01-Mo 19:45:28: {
  cookie: {
    path: '/',
    httpOnly: true,
    maxAge: 86400000,
    overwrite: true,
    signed: true
  },
  id: 1,
  username: '123@qq.com',
  gender: '男'
}
yyyy-01-Mo 19:45:28: {
  cookie: {
    path: '/',
    httpOnly: true,
    maxAge: 86400000,
    overwrite: true,
    signed: true
  },
  id: 1,
  username: '123@qq.com',
  gender: '男'
}
